<?xml version="1.0" encoding="UTF-8"?>
<!-- Generated by org.testng.reporters.JUnitReportReporter -->
<testsuite hostname="QB-TP3-2925" failures="0" tests="1" name="com.paralleTest.Tesla" time="3.566" errors="0" timestamp="2023-04-05T09:59:47 IST" skipped="0">
  <testcase classname="com.paralleTest.Tesla" name="lauchBrowser" time="3.566"/>
  <system-out/>
</testsuite> <!-- com.paralleTest.Tesla -->
