<?xml version="1.0" encoding="UTF-8"?>
<!-- Generated by org.testng.reporters.JUnitReportReporter -->
<testsuite hostname="QB-TP3-2925" failures="0" tests="1" name="com.paralleTest.Qburst" time="4.106" errors="0" timestamp="2023-04-05T09:59:47 IST" skipped="0">
  <testcase classname="com.paralleTest.Qburst" name="lauchBrowser" time="4.106"/>
  <system-out/>
</testsuite> <!-- com.paralleTest.Qburst -->
